[2021-02-25 12:54:10 INFO]: install::setup-logging ended
================
[2021-02-25 12:54:10 INFO]: install::start-up started
[2021-02-25 12:54:10 INFO]: install::start-up build image
[2021-02-25 12:54:10 INFO]: install::start-up ended
================
[2021-02-25 12:57:09 INFO]: install::root-check started
[2021-02-25 12:57:09 INFO]: install::root-check ended
================
[2021-02-25 12:57:09 INFO]: install::docker-check started
[2021-02-25 12:57:09 INFO]: install::docker-check ended
================
[2021-02-25 12:57:09 INFO]: install::tear-down started
[2021-02-25 12:57:09 INFO]: install::tear-down services removed
[2021-02-25 12:57:09 INFO]: install::tear-down ended
================
[2021-02-25 14:47:55 INFO]: install::root-check started
[2021-02-25 14:47:55 INFO]: install::root-check ended
================
[2021-02-25 14:47:55 INFO]: install::docker-check started
[2021-02-25 14:47:55 INFO]: install::docker-check ended
================
[2021-02-25 14:47:55 INFO]: install::tear-down started
[2021-02-25 14:47:55 INFO]: install::compress started
[2021-02-25 14:47:55 INFO]: install::compress changing directory to db
[2021-02-25 14:47:55 INFO]: install::compress compressing db/data_dump 
[2021-02-25 14:47:55 INFO]: install::compress removing data_dump 
[2021-02-25 14:47:55 INFO]: install::compress changing directory back
[2021-02-25 14:47:55 INFO]: install::compress ended
================
[2021-02-25 14:47:55 INFO]: install::compress services removed
[2021-02-25 14:47:55 INFO]: install::compress ended
================
